Session started normally. 

 - Wed, 16 Mar 16 04:56:00 +1100Session started normally. 
 - Wed, 16 Mar 16 05:31:15 +1100
POSTED - - Wed, 16 Mar 16 05:31:15 +1100
this is data -- - Wed, 16 Mar 16 05:31:15 +1100
Session started normally. 
 - Wed, 16 Mar 16 05:32:54 +1100
POSTED - - Wed, 16 Mar 16 05:32:54 +1100
this is data -- - Wed, 16 Mar 16 05:32:54 +1100
Session started normally. 
 - Wed, 16 Mar 16 05:35:33 +1100
POSTED - - Wed, 16 Mar 16 05:35:33 +1100
this is raw -- - Wed, 16 Mar 16 05:35:33 +1100
Session started normally. 
 - Wed, 16 Mar 16 05:53:26 +1100
this is packet -- - Wed, 16 Mar 16 05:53:26 +1100
Session started normally. 
 - Wed, 16 Mar 16 05:59:16 +1100
this is packet -- - Wed, 16 Mar 16 05:59:16 +1100
Session started normally. 
 - Wed, 16 Mar 16 06:00:37 +1100
this is packet -- - Wed, 16 Mar 16 06:00:37 +1100
Session started normally. 
 - Wed, 16 Mar 16 06:09:40 +1100
POSTED - - Wed, 16 Mar 16 06:09:40 +1100
this is raw -- - Wed, 16 Mar 16 06:09:40 +1100
Session started normally. 
 - Wed, 16 Mar 16 06:11:29 +1100
POSTED - - Wed, 16 Mar 16 06:11:29 +1100
this is raw -- - Wed, 16 Mar 16 06:11:29 +1100
this is packet -- - Wed, 16 Mar 16 06:11:29 +1100
Session started normally. 
 - Wed, 16 Mar 16 06:22:15 +1100
Session started normally. 
 - Wed, 16 Mar 16 06:35:53 +1100
Session started normally. 
 - Wed, 16 Mar 16 06:50:44 +1100
Session started normally. 
 - Wed, 16 Mar 16 07:01:09 +1100
Session started normally. 
 - Wed, 16 Mar 16 07:07:03 +1100
Session started normally. 
 - Wed, 16 Mar 16 07:12:45 +1100
Session started normally. 
 - Wed, 16 Mar 16 07:19:16 +1100
Session started normally. 
 - Wed, 16 Mar 16 07:20:25 +1100
Session started normally. 
 - Wed, 16 Mar 16 07:40:00 +1100
Session started normally. 
 - Wed, 16 Mar 16 07:41:06 +1100
Session started normally. 
 - Wed, 16 Mar 16 07:41:51 +1100
Session started normally. 
 - Wed, 16 Mar 16 07:42:57 +1100
Session started normally. 
 - Wed, 16 Mar 16 07:44:40 +1100
Session started normally. 
 - Wed, 16 Mar 16 07:46:33 +1100
Session started normally. 
 - Wed, 16 Mar 16 07:48:47 +1100
Session started normally. 
 - Wed, 16 Mar 16 07:50:50 +1100
Session started normally. 
 - Wed, 16 Mar 16 07:51:32 +1100
Session started normally. 
 - Wed, 16 Mar 16 07:52:15 +1100
Session started normally. 
 - Wed, 16 Mar 16 07:56:42 +1100
Session started normally. 
 - Wed, 16 Mar 16 08:01:29 +1100
this is raw -- - Wed, 16 Mar 16 08:01:29 +1100
Session started normally. 
 - Wed, 16 Mar 16 08:03:54 +1100
Session started normally. 
 - Wed, 16 Mar 16 08:07:21 +1100
this is raw -{"{\"type\":\"USER\",\"method\":\"LOGIN\",\"email\":\"root\",\"pw\":\"S0laris7_1\",\"remember\":\"false\"}":""}- - Wed, 16 Mar 16 08:07:21 +1100
Session started normally. 
 - Wed, 16 Mar 16 08:09:18 +1100
this is raw -{"packed":"{\"type\":\"USER\",\"method\":\"LOGIN\",\"email\":\"root\",\"pw\":\"S0laris7.1\",\"remember\":\"false\"}"}- - Wed, 16 Mar 16 08:09:18 +1100
Session started normally. 
 - Wed, 16 Mar 16 08:11:40 +1100
{"packed":"{\"type\":\"USER\",\"method\":\"LOGIN\",\"email\":\"root\",\"pw\":\"S0laris7.1\",\"remember\":\"on\"}"} - Wed, 16 Mar 16 08:11:40 +1100
Session started normally. 
 - Wed, 16 Mar 16 08:25:12 +1100
{"packed":"{\"type\":\"USER\",\"method\":\"LOGIN\",\"email\":\"root\",\"pw\":\"S0laris7.1\",\"remember\":\"false\"}"} - Wed, 16 Mar 16 08:25:12 +1100
Session started normally. 
 - Wed, 16 Mar 16 08:41:51 +1100
{"packed":"{\"type\":\"USER\",\"method\":\"LOGIN\",\"email\":\"root\",\"pw\":\"S0laris7.1\",\"remember\":\"false\"}"} - Wed, 16 Mar 16 08:41:51 +1100
Session started normally. 
 - Wed, 16 Mar 16 08:47:04 +1100
{"packed":"{\"type\":\"USER\",\"method\":\"LOGIN\",\"email\":\"root\",\"pw\":\"S0laris7.1\",\"remember\":\"false\"}"} - Wed, 16 Mar 16 08:47:04 +1100
Session started normally. 
 - Wed, 16 Mar 16 08:48:40 +1100
{"packed":"{\"type\":\"USER\",\"method\":\"LOGIN\",\"email\":\"root\",\"pw\":\"S0laris7.1\",\"remember\":\"false\"}"} - Wed, 16 Mar 16 08:48:40 +1100
Session started normally. 
 - Wed, 16 Mar 16 08:57:27 +1100
{"packed":"{\"type\":\"USER\",\"method\":\"LOGIN\",\"email\":\"root\",\"pw\":\"S0laris7.1\",\"remember\":\"false\"}"} - Wed, 16 Mar 16 08:57:27 +1100
   YEAH IT WORKED - Wed, 16 Mar 16 08:57:27 +1100
